Using pre-set license

 COMMAND LINE ARGUMENTS:
/Applications/Unity/Hub/Editor/2020.2.7f1/Unity.app/Contents/MacOS/Unity
-adb2
-batchMode
-noUpm
-name
AssetImportWorker0
-projectPath
/Users/nakamuramitsuki/Desktop/Unity/LA1
-logFile
Logs/AssetImportWorker0.log
-srvPort
56771
Successfully changed project path to: /Users/nakamuramitsuki/Desktop/Unity/LA1
/Users/nakamuramitsuki/Desktop/Unity/LA1
Using Asset Import Pipeline V2.
Refreshing native plugins compatible for Editor in 26.33 ms, found 1 plugins.
Preloading 0 native plugins for Editor in 0.00 ms.
Initialize engine version: 2020.2.7f1 (c53830e277f1)
[Subsystems] Discovering subsystems at path /Applications/Unity/Hub/Editor/2020.2.7f1/Unity.app/Contents/Resources/UnitySubsystems
[Subsystems] Discovering subsystems at path /Users/nakamuramitsuki/Desktop/Unity/LA1/Assets
GfxDevice: creating device client; threaded=0
2023-02-04 03:52:59.645 Unity[8233:513470] Color LCD preferred device: Intel(R) Iris(TM) Plus Graphics 655 (low power)
2023-02-04 03:52:59.645 Unity[8233:513470] Metal devices available: 1
2023-02-04 03:52:59.645 Unity[8233:513470] 0: Intel(R) Iris(TM) Plus Graphics 655 (low power)
2023-02-04 03:52:59.645 Unity[8233:513470] Using device Intel(R) Iris(TM) Plus Graphics 655 (low power)
Initializing Metal device caps: Intel(R) Iris(TM) Plus Graphics 655
Initialize mono
Mono path[0] = '/Applications/Unity/Hub/Editor/2020.2.7f1/Unity.app/Contents/Managed'
Mono path[1] = '/Applications/Unity/Hub/Editor/2020.2.7f1/Unity.app/Contents/MonoBleedingEdge/lib/mono/unityjit'
Mono config path = '/Applications/Unity/Hub/Editor/2020.2.7f1/Unity.app/Contents/MonoBleedingEdge/etc'
Using monoOptions --debugger-agent=transport=dt_socket,embedding=1,server=y,suspend=n,address=127.0.0.1:56233
Begin MonoManager ReloadAssembly
Registering precompiled unity dll's ...
Register platform support module: /Applications/Unity/Hub/Editor/2020.2.7f1/PlaybackEngines/WebGLSupport/UnityEditor.WebGL.Extensions.dll
Register platform support module: /Applications/Unity/Hub/Editor/2020.2.7f1/Unity.app/Contents/PlaybackEngines/MacStandaloneSupport/UnityEditor.OSXStandalone.Extensions.dll
Registered in 0.000559 seconds.
Native extension for OSXStandalone target not found
Native extension for WebGL target not found
Refreshing native plugins compatible for Editor in 25.56 ms, found 1 plugins.
Preloading 0 native plugins for Editor in 0.00 ms.
Invoked RoslynAnalysisRunner static constructor.
RoslynAnalysisRunner will not be running.
RoslynAnalysisRunner has terminated.
Mono: successfully reloaded assembly
- Completed reload, in  3.019 seconds
Platform modules already initialized, skipping
Registering precompiled user dll's ...
Registered in 0.000664 seconds.
Begin MonoManager ReloadAssembly
Native extension for OSXStandalone target not found
Native extension for WebGL target not found
Refreshing native plugins compatible for Editor in 0.26 ms, found 1 plugins.
Preloading 0 native plugins for Editor in 0.00 ms.
Invoked RoslynAnalysisRunner static constructor.
RoslynAnalysisRunner will not be running.
RoslynAnalysisRunner has terminated.
Mono: successfully reloaded assembly
- Completed reload, in  1.039 seconds
Platform modules already initialized, skipping
========================================================================
Worker process is ready to serve import requests
Launching external process: /Applications/Unity/Hub/Editor/2020.2.7f1/Unity.app/Contents/Tools/UnityShaderCompiler
Launched and connected shader compiler UnityShaderCompiler after 0.02 seconds
Refreshing native plugins compatible for Editor in 0.23 ms, found 1 plugins.
Preloading 0 native plugins for Editor in 0.00 ms.
Unloading 1119 Unused Serialized files (Serialized files now loaded: 0)
System memory in use before: 115.1 MB.
System memory in use after: 115.1 MB.

Unloading 10 unused Assets to reduce memory usage. Loaded Objects now: 1562.
Total: 2.665441 ms (FindLiveObjects: 0.249336 ms CreateObjectMapping: 0.079942 ms MarkObjects: 2.220622 ms  DeleteObjects: 0.113685 ms)

========================================================================
Received Import Request.
  path: Assets/Scripts/Healer.cs
  artifactKey: Guid(067c033b1e0a7478ab99c434ca98c1f1) Importer(815301076,1909f56bfc062723c751e8b465ee728b)
Start importing Assets/Scripts/Healer.cs using Guid(067c033b1e0a7478ab99c434ca98c1f1) Importer(815301076,1909f56bfc062723c751e8b465ee728b)  -> (artifact id: 'f1c63238bc182cc394cc8dab1def2944') in 0.172018 seconds
  Import took 0.174640 seconds .

========================================================================
Received Import Request.
  Time since last request: 166.926928 seconds.
  path: Assets/Scripts/Base/Friendly.cs
  artifactKey: Guid(98b2db7afc7a94a82bb8ba91b8e3d8d1) Importer(815301076,1909f56bfc062723c751e8b465ee728b)
Start importing Assets/Scripts/Base/Friendly.cs using Guid(98b2db7afc7a94a82bb8ba91b8e3d8d1) Importer(815301076,1909f56bfc062723c751e8b465ee728b)  -> (artifact id: '3d7d51793dd8a48053b31ddb5bc9d940') in 0.007072 seconds
  Import took 0.009555 seconds .

========================================================================
Received Import Request.
  Time since last request: 78.056823 seconds.
  path: Assets/Scripts/Base/Friendly.cs
  artifactKey: Guid(98b2db7afc7a94a82bb8ba91b8e3d8d1) Importer(815301076,1909f56bfc062723c751e8b465ee728b)
Start importing Assets/Scripts/Base/Friendly.cs using Guid(98b2db7afc7a94a82bb8ba91b8e3d8d1) Importer(815301076,1909f56bfc062723c751e8b465ee728b)  -> (artifact id: '84f4cd87f3fd68a283abafb72e179257') in 0.004385 seconds
  Import took 0.006942 seconds .

========================================================================
Received Prepare
Registering precompiled user dll's ...
Registered in 0.000423 seconds.
Begin MonoManager ReloadAssembly
Native extension for OSXStandalone target not found
Native extension for WebGL target not found
Refreshing native plugins compatible for Editor in 0.24 ms, found 1 plugins.
Preloading 0 native plugins for Editor in 0.00 ms.
Invoked RoslynAnalysisRunner static constructor.
RoslynAnalysisRunner will not be running.
RoslynAnalysisRunner has terminated.
Mono: successfully reloaded assembly
- Completed reload, in  1.086 seconds
Platform modules already initialized, skipping
Refreshing native plugins compatible for Editor in 0.26 ms, found 1 plugins.
Preloading 0 native plugins for Editor in 0.00 ms.
Unloading 1114 Unused Serialized files (Serialized files now loaded: 0)
System memory in use before: 119.4 MB.
System memory in use after: 119.5 MB.

Unloading 5 unused Assets to reduce memory usage. Loaded Objects now: 1565.
Total: 1.766414 ms (FindLiveObjects: 0.164122 ms CreateObjectMapping: 0.040285 ms MarkObjects: 1.503628 ms  DeleteObjects: 0.057202 ms)

========================================================================
Received Prepare
Registering precompiled user dll's ...
Registered in 0.001577 seconds.
Begin MonoManager ReloadAssembly
Native extension for OSXStandalone target not found
Native extension for WebGL target not found
Refreshing native plugins compatible for Editor in 0.22 ms, found 1 plugins.
Preloading 0 native plugins for Editor in 0.00 ms.
Invoked RoslynAnalysisRunner static constructor.
RoslynAnalysisRunner will not be running.
RoslynAnalysisRunner has terminated.
Mono: successfully reloaded assembly
- Completed reload, in  1.024 seconds
Platform modules already initialized, skipping
Refreshing native plugins compatible for Editor in 0.22 ms, found 1 plugins.
Preloading 0 native plugins for Editor in 0.00 ms.
Unloading 1114 Unused Serialized files (Serialized files now loaded: 0)
System memory in use before: 119.6 MB.
System memory in use after: 119.7 MB.

Unloading 5 unused Assets to reduce memory usage. Loaded Objects now: 1568.
Total: 1.843120 ms (FindLiveObjects: 0.215169 ms CreateObjectMapping: 0.043064 ms MarkObjects: 1.532447 ms  DeleteObjects: 0.050957 ms)

========================================================================
Received Prepare
Registering precompiled user dll's ...
Registered in 0.000697 seconds.
Begin MonoManager ReloadAssembly
Native extension for OSXStandalone target not found
Native extension for WebGL target not found
Refreshing native plugins compatible for Editor in 0.27 ms, found 1 plugins.
Preloading 0 native plugins for Editor in 0.00 ms.
Invoked RoslynAnalysisRunner static constructor.
RoslynAnalysisRunner will not be running.
RoslynAnalysisRunner has terminated.
Mono: successfully reloaded assembly
- Completed reload, in  0.959 seconds
Platform modules already initialized, skipping
Refreshing native plugins compatible for Editor in 0.38 ms, found 1 plugins.
Preloading 0 native plugins for Editor in 0.00 ms.
Unloading 1114 Unused Serialized files (Serialized files now loaded: 0)
System memory in use before: 119.9 MB.
System memory in use after: 120.0 MB.

Unloading 5 unused Assets to reduce memory usage. Loaded Objects now: 1571.
Total: 1.985201 ms (FindLiveObjects: 0.197234 ms CreateObjectMapping: 0.055574 ms MarkObjects: 1.669131 ms  DeleteObjects: 0.061129 ms)

AssetImportWorkerClient::OnTransportError - code=2 error=End of file
