Using pre-set license

 COMMAND LINE ARGUMENTS:
/Applications/Unity/Hub/Editor/2020.2.7f1/Unity.app/Contents/MacOS/Unity
-adb2
-batchMode
-noUpm
-name
AssetImportWorker0
-projectPath
/Users/nakamuramitsuki/Desktop/Unity/LA1
-logFile
Logs/AssetImportWorker0.log
-srvPort
56073
Successfully changed project path to: /Users/nakamuramitsuki/Desktop/Unity/LA1
/Users/nakamuramitsuki/Desktop/Unity/LA1
Using Asset Import Pipeline V2.
Refreshing native plugins compatible for Editor in 30.19 ms, found 1 plugins.
Preloading 0 native plugins for Editor in 0.00 ms.
Initialize engine version: 2020.2.7f1 (c53830e277f1)
[Subsystems] Discovering subsystems at path /Applications/Unity/Hub/Editor/2020.2.7f1/Unity.app/Contents/Resources/UnitySubsystems
[Subsystems] Discovering subsystems at path /Users/nakamuramitsuki/Desktop/Unity/LA1/Assets
GfxDevice: creating device client; threaded=0
2023-02-04 02:18:08.925 Unity[7647:467215] Color LCD preferred device: Intel(R) Iris(TM) Plus Graphics 655 (low power)
2023-02-04 02:18:08.925 Unity[7647:467215] Metal devices available: 1
2023-02-04 02:18:08.925 Unity[7647:467215] 0: Intel(R) Iris(TM) Plus Graphics 655 (low power)
2023-02-04 02:18:08.925 Unity[7647:467215] Using device Intel(R) Iris(TM) Plus Graphics 655 (low power)
Initializing Metal device caps: Intel(R) Iris(TM) Plus Graphics 655
Initialize mono
Mono path[0] = '/Applications/Unity/Hub/Editor/2020.2.7f1/Unity.app/Contents/Managed'
Mono path[1] = '/Applications/Unity/Hub/Editor/2020.2.7f1/Unity.app/Contents/MonoBleedingEdge/lib/mono/unityjit'
Mono config path = '/Applications/Unity/Hub/Editor/2020.2.7f1/Unity.app/Contents/MonoBleedingEdge/etc'
Using monoOptions --debugger-agent=transport=dt_socket,embedding=1,server=y,suspend=n,address=127.0.0.1:56647
Begin MonoManager ReloadAssembly
Registering precompiled unity dll's ...
Register platform support module: /Applications/Unity/Hub/Editor/2020.2.7f1/PlaybackEngines/WebGLSupport/UnityEditor.WebGL.Extensions.dll
Register platform support module: /Applications/Unity/Hub/Editor/2020.2.7f1/Unity.app/Contents/PlaybackEngines/MacStandaloneSupport/UnityEditor.OSXStandalone.Extensions.dll
Registered in 0.002040 seconds.
Native extension for OSXStandalone target not found
Native extension for WebGL target not found
Refreshing native plugins compatible for Editor in 23.55 ms, found 1 plugins.
Preloading 0 native plugins for Editor in 0.00 ms.
Invoked RoslynAnalysisRunner static constructor.
RoslynAnalysisRunner will not be running.
RoslynAnalysisRunner has terminated.
Mono: successfully reloaded assembly
- Completed reload, in  7.769 seconds
Platform modules already initialized, skipping
Registering precompiled user dll's ...
Registered in 0.001309 seconds.
Begin MonoManager ReloadAssembly
Native extension for OSXStandalone target not found
Native extension for WebGL target not found
Refreshing native plugins compatible for Editor in 0.24 ms, found 1 plugins.
Preloading 0 native plugins for Editor in 0.00 ms.
Invoked RoslynAnalysisRunner static constructor.
RoslynAnalysisRunner will not be running.
RoslynAnalysisRunner has terminated.
Mono: successfully reloaded assembly
- Completed reload, in  1.096 seconds
Platform modules already initialized, skipping
========================================================================
Worker process is ready to serve import requests
Launching external process: /Applications/Unity/Hub/Editor/2020.2.7f1/Unity.app/Contents/Tools/UnityShaderCompiler
Launched and connected shader compiler UnityShaderCompiler after 0.03 seconds
Refreshing native plugins compatible for Editor in 0.20 ms, found 1 plugins.
Preloading 0 native plugins for Editor in 0.00 ms.
Unloading 1118 Unused Serialized files (Serialized files now loaded: 0)
System memory in use before: 114.6 MB.
System memory in use after: 114.7 MB.

Unloading 10 unused Assets to reduce memory usage. Loaded Objects now: 1560.
Total: 2.165547 ms (FindLiveObjects: 0.220095 ms CreateObjectMapping: 0.080109 ms MarkObjects: 1.724659 ms  DeleteObjects: 0.139640 ms)

========================================================================
Received Import Request.
  path: Assets/Scenes/Main.unity
  artifactKey: Guid(68a734fa2ecdd4009ac5a2b6b85ed99a) Importer(815301076,1909f56bfc062723c751e8b465ee728b)
Start importing Assets/Scenes/Main.unity using Guid(68a734fa2ecdd4009ac5a2b6b85ed99a) Importer(815301076,1909f56bfc062723c751e8b465ee728b)  -> (artifact id: 'ba006526829e682554198c699732060c') in 0.011186 seconds
  Import took 0.014151 seconds .

========================================================================
Received Import Request.
  Time since last request: 12.256751 seconds.
  path: Assets/Scripts/Enemy.cs
  artifactKey: Guid(4412442c5ca95483daf3c9d6652213d3) Importer(815301076,1909f56bfc062723c751e8b465ee728b)
Start importing Assets/Scripts/Enemy.cs using Guid(4412442c5ca95483daf3c9d6652213d3) Importer(815301076,1909f56bfc062723c751e8b465ee728b)  -> (artifact id: '55d9dc9aed6c7632e71ed55c7eed9cd0') in 0.341579 seconds
  Import took 0.344420 seconds .

========================================================================
Received Import Request.
  Time since last request: 3.077591 seconds.
  path: Assets/Scripts/EnemyBoss.cs
  artifactKey: Guid(e7b956b2cdf4c4648a11bf37cbfb1337) Importer(815301076,1909f56bfc062723c751e8b465ee728b)
Start importing Assets/Scripts/EnemyBoss.cs using Guid(e7b956b2cdf4c4648a11bf37cbfb1337) Importer(815301076,1909f56bfc062723c751e8b465ee728b)  -> (artifact id: '9c1c0aea16a221f49ebd7fb55f3046f2') in 0.004740 seconds
  Import took 0.007455 seconds .

========================================================================
Received Import Request.
  Time since last request: 0.001126 seconds.
  path: Assets/Scripts/EnemyBoss.cs
  artifactKey: Guid(e7b956b2cdf4c4648a11bf37cbfb1337) Importer(815301076,1909f56bfc062723c751e8b465ee728b)
Start importing Assets/Scripts/EnemyBoss.cs using Guid(e7b956b2cdf4c4648a11bf37cbfb1337) Importer(815301076,1909f56bfc062723c751e8b465ee728b)  -> (artifact id: '9c1c0aea16a221f49ebd7fb55f3046f2') in 0.004754 seconds
  Import took 0.007138 seconds .

========================================================================
Received Import Request.
  Time since last request: 10.667994 seconds.
  path: Assets/Scripts/GameManager.cs
  artifactKey: Guid(190871cf5a42141ea85ff038faa030ef) Importer(815301076,1909f56bfc062723c751e8b465ee728b)
Start importing Assets/Scripts/GameManager.cs using Guid(190871cf5a42141ea85ff038faa030ef) Importer(815301076,1909f56bfc062723c751e8b465ee728b)  -> (artifact id: '2d42170b8b47585f4b740b63a1980f5f') in 0.004546 seconds
  Import took 0.008310 seconds .

========================================================================
Received Import Request.
  Time since last request: 0.001091 seconds.
  path: Assets/Scripts/GameManager.cs
  artifactKey: Guid(190871cf5a42141ea85ff038faa030ef) Importer(815301076,1909f56bfc062723c751e8b465ee728b)
Start importing Assets/Scripts/GameManager.cs using Guid(190871cf5a42141ea85ff038faa030ef) Importer(815301076,1909f56bfc062723c751e8b465ee728b)  -> (artifact id: '2d42170b8b47585f4b740b63a1980f5f') in 0.003584 seconds
  Import took 0.005768 seconds .

========================================================================
Received Import Request.
  Time since last request: 8.436565 seconds.
  path: Assets/Scripts/Player.cs
  artifactKey: Guid(0542ace064f644a64823d894f41f2602) Importer(815301076,1909f56bfc062723c751e8b465ee728b)
Start importing Assets/Scripts/Player.cs using Guid(0542ace064f644a64823d894f41f2602) Importer(815301076,1909f56bfc062723c751e8b465ee728b)  -> (artifact id: '51fc0d1c383dc9cf058e6d744b2add41') in 0.005535 seconds
  Import took 0.008452 seconds .

========================================================================
Received Import Request.
  Time since last request: 19.350263 seconds.
  path: Assets/Scripts/Base/Friendly.cs
  artifactKey: Guid(98b2db7afc7a94a82bb8ba91b8e3d8d1) Importer(815301076,1909f56bfc062723c751e8b465ee728b)
Start importing Assets/Scripts/Base/Friendly.cs using Guid(98b2db7afc7a94a82bb8ba91b8e3d8d1) Importer(815301076,1909f56bfc062723c751e8b465ee728b)  -> (artifact id: 'f715f6d47d65bc23b861ffa127ebe37e') in 0.005526 seconds
  Import took 0.008717 seconds .

========================================================================
Received Import Request.
  Time since last request: 0.001870 seconds.
  path: Assets/Scripts/Base/Friendly.cs
  artifactKey: Guid(98b2db7afc7a94a82bb8ba91b8e3d8d1) Importer(815301076,1909f56bfc062723c751e8b465ee728b)
Start importing Assets/Scripts/Base/Friendly.cs using Guid(98b2db7afc7a94a82bb8ba91b8e3d8d1) Importer(815301076,1909f56bfc062723c751e8b465ee728b)  -> (artifact id: 'f715f6d47d65bc23b861ffa127ebe37e') in 0.010073 seconds
  Import took 0.012916 seconds .

========================================================================
Received Prepare
Registering precompiled user dll's ...
Registered in 0.000503 seconds.
Begin MonoManager ReloadAssembly
Native extension for OSXStandalone target not found
Native extension for WebGL target not found
Refreshing native plugins compatible for Editor in 0.25 ms, found 1 plugins.
Preloading 0 native plugins for Editor in 0.00 ms.
Invoked RoslynAnalysisRunner static constructor.
RoslynAnalysisRunner will not be running.
RoslynAnalysisRunner has terminated.
Mono: successfully reloaded assembly
- Completed reload, in  1.075 seconds
Platform modules already initialized, skipping
Refreshing native plugins compatible for Editor in 0.22 ms, found 1 plugins.
Preloading 0 native plugins for Editor in 0.00 ms.
Unloading 1113 Unused Serialized files (Serialized files now loaded: 0)
System memory in use before: 119.0 MB.
System memory in use after: 119.1 MB.

Unloading 5 unused Assets to reduce memory usage. Loaded Objects now: 1563.
Total: 1.847242 ms (FindLiveObjects: 0.298703 ms CreateObjectMapping: 0.054840 ms MarkObjects: 1.421037 ms  DeleteObjects: 0.070529 ms)

========================================================================
Received Import Request.
  Time since last request: 1801.793856 seconds.
  path: Assets/Scripts/Player.cs
  artifactKey: Guid(0542ace064f644a64823d894f41f2602) Importer(815301076,1909f56bfc062723c751e8b465ee728b)
Start importing Assets/Scripts/Player.cs using Guid(0542ace064f644a64823d894f41f2602) Importer(815301076,1909f56bfc062723c751e8b465ee728b)  -> (artifact id: '74fa82e1be5c60ee21ae1896327b084e') in 0.048688 seconds
  Import took 0.080936 seconds .

========================================================================
Received Prepare
Registering precompiled user dll's ...
Registered in 0.000426 seconds.
Begin MonoManager ReloadAssembly
Native extension for OSXStandalone target not found
Native extension for WebGL target not found
Refreshing native plugins compatible for Editor in 0.41 ms, found 1 plugins.
Preloading 0 native plugins for Editor in 0.00 ms.
Invoked RoslynAnalysisRunner static constructor.
RoslynAnalysisRunner will not be running.
RoslynAnalysisRunner has terminated.
Mono: successfully reloaded assembly
- Completed reload, in  1.085 seconds
Platform modules already initialized, skipping
Refreshing native plugins compatible for Editor in 0.23 ms, found 1 plugins.
Preloading 0 native plugins for Editor in 0.00 ms.
Unloading 1113 Unused Serialized files (Serialized files now loaded: 0)
System memory in use before: 119.3 MB.
System memory in use after: 119.3 MB.

Unloading 5 unused Assets to reduce memory usage. Loaded Objects now: 1566.
Total: 2.901716 ms (FindLiveObjects: 0.629694 ms CreateObjectMapping: 0.140979 ms MarkObjects: 2.020454 ms  DeleteObjects: 0.108752 ms)

========================================================================
Received Import Request.
  Time since last request: 106.827991 seconds.
  path: Assets/Scripts/Player.cs
  artifactKey: Guid(0542ace064f644a64823d894f41f2602) Importer(815301076,1909f56bfc062723c751e8b465ee728b)
Start importing Assets/Scripts/Player.cs using Guid(0542ace064f644a64823d894f41f2602) Importer(815301076,1909f56bfc062723c751e8b465ee728b)  -> (artifact id: 'a52b77ea6a597cee9cf28a1da176dc1d') in 0.008858 seconds
  Import took 0.012245 seconds .

========================================================================
Received Prepare
Registering precompiled user dll's ...
Registered in 0.000346 seconds.
Begin MonoManager ReloadAssembly
Native extension for OSXStandalone target not found
Native extension for WebGL target not found
Refreshing native plugins compatible for Editor in 0.25 ms, found 1 plugins.
Preloading 0 native plugins for Editor in 0.00 ms.
Invoked RoslynAnalysisRunner static constructor.
RoslynAnalysisRunner will not be running.
RoslynAnalysisRunner has terminated.
Mono: successfully reloaded assembly
- Completed reload, in  0.955 seconds
Platform modules already initialized, skipping
Refreshing native plugins compatible for Editor in 0.25 ms, found 1 plugins.
Preloading 0 native plugins for Editor in 0.00 ms.
Unloading 1113 Unused Serialized files (Serialized files now loaded: 0)
System memory in use before: 119.5 MB.
System memory in use after: 119.6 MB.

Unloading 5 unused Assets to reduce memory usage. Loaded Objects now: 1569.
Total: 1.908327 ms (FindLiveObjects: 0.282046 ms CreateObjectMapping: 0.050434 ms MarkObjects: 1.523539 ms  DeleteObjects: 0.050091 ms)

========================================================================
Received Import Request.
  Time since last request: 159.339655 seconds.
  path: Assets/Scripts/Player.cs
  artifactKey: Guid(0542ace064f644a64823d894f41f2602) Importer(815301076,1909f56bfc062723c751e8b465ee728b)
Start importing Assets/Scripts/Player.cs using Guid(0542ace064f644a64823d894f41f2602) Importer(815301076,1909f56bfc062723c751e8b465ee728b)  -> (artifact id: '6878c4c840180601d58ba62eff2bd7af') in 0.014858 seconds
  Import took 0.018842 seconds .

========================================================================
Received Prepare
Registering precompiled user dll's ...
Registered in 0.000381 seconds.
Begin MonoManager ReloadAssembly
Native extension for OSXStandalone target not found
Native extension for WebGL target not found
Refreshing native plugins compatible for Editor in 0.26 ms, found 1 plugins.
Preloading 0 native plugins for Editor in 0.00 ms.
Invoked RoslynAnalysisRunner static constructor.
RoslynAnalysisRunner will not be running.
RoslynAnalysisRunner has terminated.
Mono: successfully reloaded assembly
- Completed reload, in  1.039 seconds
Platform modules already initialized, skipping
Refreshing native plugins compatible for Editor in 0.24 ms, found 1 plugins.
Preloading 0 native plugins for Editor in 0.00 ms.
Unloading 1113 Unused Serialized files (Serialized files now loaded: 0)
System memory in use before: 119.9 MB.
System memory in use after: 119.9 MB.

Unloading 5 unused Assets to reduce memory usage. Loaded Objects now: 1572.
Total: 2.323988 ms (FindLiveObjects: 0.351514 ms CreateObjectMapping: 0.070472 ms MarkObjects: 1.818010 ms  DeleteObjects: 0.081944 ms)

========================================================================
Received Import Request.
  Time since last request: 236.203087 seconds.
  path: Assets/Scripts
  artifactKey: Guid(f1f5966b383ef48e0919b812e5cff37a) Importer(815301076,1909f56bfc062723c751e8b465ee728b)
Start importing Assets/Scripts using Guid(f1f5966b383ef48e0919b812e5cff37a) Importer(815301076,1909f56bfc062723c751e8b465ee728b)  -> (artifact id: '481df219adf13eb2cd57b1939b586be8') in 0.008135 seconds
  Import took 0.013827 seconds .

========================================================================
Received Import Request.
  Time since last request: 15.924742 seconds.
  path: Assets/Scripts/Healer.cs
  artifactKey: Guid(067c033b1e0a7478ab99c434ca98c1f1) Importer(815301076,1909f56bfc062723c751e8b465ee728b)
Start importing Assets/Scripts/Healer.cs using Guid(067c033b1e0a7478ab99c434ca98c1f1) Importer(815301076,1909f56bfc062723c751e8b465ee728b)  -> (artifact id: '00813fd447775f1ccbdcbc2ad5a1102c') in 0.005634 seconds
  Import took 0.007856 seconds .

========================================================================
Received Prepare
Registering precompiled user dll's ...
Registered in 0.000360 seconds.
Begin MonoManager ReloadAssembly
Native extension for OSXStandalone target not found
Native extension for WebGL target not found
Refreshing native plugins compatible for Editor in 0.27 ms, found 1 plugins.
Preloading 0 native plugins for Editor in 0.00 ms.
Invoked RoslynAnalysisRunner static constructor.
RoslynAnalysisRunner will not be running.
RoslynAnalysisRunner has terminated.
Mono: successfully reloaded assembly
- Completed reload, in  0.956 seconds
Platform modules already initialized, skipping
Refreshing native plugins compatible for Editor in 0.23 ms, found 1 plugins.
Preloading 0 native plugins for Editor in 0.00 ms.
Unloading 1114 Unused Serialized files (Serialized files now loaded: 0)
System memory in use before: 120.1 MB.
System memory in use after: 120.1 MB.

Unloading 5 unused Assets to reduce memory usage. Loaded Objects now: 1576.
Total: 2.079695 ms (FindLiveObjects: 0.196652 ms CreateObjectMapping: 0.056363 ms MarkObjects: 1.767317 ms  DeleteObjects: 0.057225 ms)

========================================================================
Received Import Request.
  Time since last request: 167.251773 seconds.
  path: Assets/Scripts/Healer.cs
  artifactKey: Guid(067c033b1e0a7478ab99c434ca98c1f1) Importer(815301076,1909f56bfc062723c751e8b465ee728b)
Start importing Assets/Scripts/Healer.cs using Guid(067c033b1e0a7478ab99c434ca98c1f1) Importer(815301076,1909f56bfc062723c751e8b465ee728b)  -> (artifact id: 'eefec3be7b272e0338d00a599909af1a') in 0.016201 seconds
  Import took 0.020715 seconds .

========================================================================
Received Import Request.
  Time since last request: 0.025594 seconds.
  path: Assets/Scripts/Healer.cs
  artifactKey: Guid(067c033b1e0a7478ab99c434ca98c1f1) Importer(815301076,1909f56bfc062723c751e8b465ee728b)
Start importing Assets/Scripts/Healer.cs using Guid(067c033b1e0a7478ab99c434ca98c1f1) Importer(815301076,1909f56bfc062723c751e8b465ee728b)  -> (artifact id: 'eefec3be7b272e0338d00a599909af1a') in 0.008043 seconds
  Import took 0.010355 seconds .

========================================================================
Received Prepare
Registering precompiled user dll's ...
Registered in 0.000694 seconds.
Begin MonoManager ReloadAssembly
Native extension for OSXStandalone target not found
Native extension for WebGL target not found
Refreshing native plugins compatible for Editor in 0.45 ms, found 1 plugins.
Preloading 0 native plugins for Editor in 0.00 ms.
Invoked RoslynAnalysisRunner static constructor.
RoslynAnalysisRunner will not be running.
RoslynAnalysisRunner has terminated.
Mono: successfully reloaded assembly
- Completed reload, in  0.967 seconds
Platform modules already initialized, skipping
Refreshing native plugins compatible for Editor in 0.22 ms, found 1 plugins.
Preloading 0 native plugins for Editor in 0.00 ms.
Unloading 1114 Unused Serialized files (Serialized files now loaded: 0)
System memory in use before: 120.3 MB.
System memory in use after: 120.4 MB.

Unloading 5 unused Assets to reduce memory usage. Loaded Objects now: 1579.
Total: 2.660996 ms (FindLiveObjects: 0.218392 ms CreateObjectMapping: 0.061564 ms MarkObjects: 2.314602 ms  DeleteObjects: 0.064835 ms)

========================================================================
Received Prepare
Registering precompiled user dll's ...
Registered in 0.000569 seconds.
Begin MonoManager ReloadAssembly
Native extension for OSXStandalone target not found
Native extension for WebGL target not found
Refreshing native plugins compatible for Editor in 0.36 ms, found 1 plugins.
Preloading 0 native plugins for Editor in 0.00 ms.
Invoked RoslynAnalysisRunner static constructor.
RoslynAnalysisRunner will not be running.
RoslynAnalysisRunner has terminated.
Mono: successfully reloaded assembly
- Completed reload, in  1.106 seconds
Platform modules already initialized, skipping
Refreshing native plugins compatible for Editor in 0.36 ms, found 1 plugins.
Preloading 0 native plugins for Editor in 0.00 ms.
Unloading 1114 Unused Serialized files (Serialized files now loaded: 0)
System memory in use before: 120.5 MB.
System memory in use after: 120.5 MB.

Unloading 5 unused Assets to reduce memory usage. Loaded Objects now: 1582.
Total: 1.955575 ms (FindLiveObjects: 0.196652 ms CreateObjectMapping: 0.055732 ms MarkObjects: 1.644452 ms  DeleteObjects: 0.056799 ms)

========================================================================
Received Prepare
Registering precompiled user dll's ...
Registered in 0.000415 seconds.
Begin MonoManager ReloadAssembly
Native extension for OSXStandalone target not found
Native extension for WebGL target not found
Refreshing native plugins compatible for Editor in 0.21 ms, found 1 plugins.
Preloading 0 native plugins for Editor in 0.00 ms.
Invoked RoslynAnalysisRunner static constructor.
RoslynAnalysisRunner will not be running.
RoslynAnalysisRunner has terminated.
Mono: successfully reloaded assembly
- Completed reload, in  1.114 seconds
Platform modules already initialized, skipping
Refreshing native plugins compatible for Editor in 0.34 ms, found 1 plugins.
Preloading 0 native plugins for Editor in 0.00 ms.
Unloading 1114 Unused Serialized files (Serialized files now loaded: 0)
System memory in use before: 120.6 MB.
System memory in use after: 120.7 MB.

Unloading 5 unused Assets to reduce memory usage. Loaded Objects now: 1585.
Total: 2.589544 ms (FindLiveObjects: 0.371978 ms CreateObjectMapping: 0.066256 ms MarkObjects: 2.064838 ms  DeleteObjects: 0.083805 ms)

========================================================================
Received Prepare
Registering precompiled user dll's ...
Registered in 0.000405 seconds.
Begin MonoManager ReloadAssembly
Native extension for OSXStandalone target not found
Native extension for WebGL target not found
Refreshing native plugins compatible for Editor in 0.24 ms, found 1 plugins.
Preloading 0 native plugins for Editor in 0.00 ms.
Invoked RoslynAnalysisRunner static constructor.
RoslynAnalysisRunner will not be running.
RoslynAnalysisRunner has terminated.
Mono: successfully reloaded assembly
- Completed reload, in  0.991 seconds
Platform modules already initialized, skipping
Refreshing native plugins compatible for Editor in 0.27 ms, found 1 plugins.
Preloading 0 native plugins for Editor in 0.00 ms.
Unloading 1114 Unused Serialized files (Serialized files now loaded: 0)
System memory in use before: 120.8 MB.
System memory in use after: 120.9 MB.

Unloading 5 unused Assets to reduce memory usage. Loaded Objects now: 1588.
Total: 2.651510 ms (FindLiveObjects: 0.257119 ms CreateObjectMapping: 0.138443 ms MarkObjects: 2.189371 ms  DeleteObjects: 0.064281 ms)

========================================================================
Received Prepare
Registering precompiled user dll's ...
Registered in 0.000403 seconds.
Begin MonoManager ReloadAssembly
Native extension for OSXStandalone target not found
Native extension for WebGL target not found
Refreshing native plugins compatible for Editor in 0.24 ms, found 1 plugins.
Preloading 0 native plugins for Editor in 0.00 ms.
Invoked RoslynAnalysisRunner static constructor.
RoslynAnalysisRunner will not be running.
RoslynAnalysisRunner has terminated.
Mono: successfully reloaded assembly
- Completed reload, in  0.961 seconds
Platform modules already initialized, skipping
Refreshing native plugins compatible for Editor in 0.23 ms, found 1 plugins.
Preloading 0 native plugins for Editor in 0.00 ms.
Unloading 1114 Unused Serialized files (Serialized files now loaded: 0)
System memory in use before: 121.0 MB.
System memory in use after: 121.1 MB.

Unloading 5 unused Assets to reduce memory usage. Loaded Objects now: 1591.
Total: 1.987690 ms (FindLiveObjects: 0.208579 ms CreateObjectMapping: 0.057557 ms MarkObjects: 1.659856 ms  DeleteObjects: 0.059793 ms)

========================================================================
Received Prepare
Registering precompiled user dll's ...
Registered in 0.000413 seconds.
Begin MonoManager ReloadAssembly
Native extension for OSXStandalone target not found
Native extension for WebGL target not found
Refreshing native plugins compatible for Editor in 0.26 ms, found 1 plugins.
Preloading 0 native plugins for Editor in 0.00 ms.
Invoked RoslynAnalysisRunner static constructor.
RoslynAnalysisRunner will not be running.
RoslynAnalysisRunner has terminated.
Mono: successfully reloaded assembly
- Completed reload, in  0.957 seconds
Platform modules already initialized, skipping
Refreshing native plugins compatible for Editor in 0.29 ms, found 1 plugins.
Preloading 0 native plugins for Editor in 0.00 ms.
Unloading 1114 Unused Serialized files (Serialized files now loaded: 0)
System memory in use before: 121.2 MB.
System memory in use after: 121.2 MB.

Unloading 5 unused Assets to reduce memory usage. Loaded Objects now: 1594.
Total: 1.761576 ms (FindLiveObjects: 0.215149 ms CreateObjectMapping: 0.036800 ms MarkObjects: 1.455322 ms  DeleteObjects: 0.052417 ms)

========================================================================
Received Prepare
Registering precompiled user dll's ...
Registered in 0.000611 seconds.
Begin MonoManager ReloadAssembly
Native extension for OSXStandalone target not found
Native extension for WebGL target not found
Refreshing native plugins compatible for Editor in 0.28 ms, found 1 plugins.
Preloading 0 native plugins for Editor in 0.00 ms.
Invoked RoslynAnalysisRunner static constructor.
RoslynAnalysisRunner will not be running.
RoslynAnalysisRunner has terminated.
Mono: successfully reloaded assembly
- Completed reload, in  1.058 seconds
Platform modules already initialized, skipping
Refreshing native plugins compatible for Editor in 0.23 ms, found 1 plugins.
Preloading 0 native plugins for Editor in 0.00 ms.
Unloading 1114 Unused Serialized files (Serialized files now loaded: 0)
System memory in use before: 121.4 MB.
System memory in use after: 121.5 MB.

Unloading 5 unused Assets to reduce memory usage. Loaded Objects now: 1597.
Total: 2.079272 ms (FindLiveObjects: 0.367151 ms CreateObjectMapping: 0.059861 ms MarkObjects: 1.564882 ms  DeleteObjects: 0.084494 ms)

========================================================================
Received Prepare
Registering precompiled user dll's ...
Registered in 0.000305 seconds.
Begin MonoManager ReloadAssembly
Native extension for OSXStandalone target not found
Native extension for WebGL target not found
Refreshing native plugins compatible for Editor in 0.26 ms, found 1 plugins.
Preloading 0 native plugins for Editor in 0.00 ms.
Invoked RoslynAnalysisRunner static constructor.
RoslynAnalysisRunner will not be running.
RoslynAnalysisRunner has terminated.
Mono: successfully reloaded assembly
- Completed reload, in  0.954 seconds
Platform modules already initialized, skipping
Refreshing native plugins compatible for Editor in 0.41 ms, found 1 plugins.
Preloading 0 native plugins for Editor in 0.00 ms.
Unloading 1114 Unused Serialized files (Serialized files now loaded: 0)
System memory in use before: 121.6 MB.
System memory in use after: 121.7 MB.

Unloading 5 unused Assets to reduce memory usage. Loaded Objects now: 1600.
Total: 1.709510 ms (FindLiveObjects: 0.161716 ms CreateObjectMapping: 0.037532 ms MarkObjects: 1.460889 ms  DeleteObjects: 0.048278 ms)

========================================================================
Received Prepare
Registering precompiled user dll's ...
Registered in 0.000459 seconds.
Begin MonoManager ReloadAssembly
Native extension for OSXStandalone target not found
Native extension for WebGL target not found
Refreshing native plugins compatible for Editor in 0.36 ms, found 1 plugins.
Preloading 0 native plugins for Editor in 0.00 ms.
Invoked RoslynAnalysisRunner static constructor.
RoslynAnalysisRunner will not be running.
RoslynAnalysisRunner has terminated.
Mono: successfully reloaded assembly
- Completed reload, in  0.946 seconds
Platform modules already initialized, skipping
Refreshing native plugins compatible for Editor in 0.35 ms, found 1 plugins.
Preloading 0 native plugins for Editor in 0.00 ms.
Unloading 1114 Unused Serialized files (Serialized files now loaded: 0)
System memory in use before: 121.8 MB.
System memory in use after: 121.9 MB.

Unloading 5 unused Assets to reduce memory usage. Loaded Objects now: 1603.
Total: 1.959983 ms (FindLiveObjects: 0.212633 ms CreateObjectMapping: 0.055403 ms MarkObjects: 1.628548 ms  DeleteObjects: 0.061329 ms)

========================================================================
Received Prepare
Registering precompiled user dll's ...
Registered in 0.000408 seconds.
Begin MonoManager ReloadAssembly
Native extension for OSXStandalone target not found
Native extension for WebGL target not found
Refreshing native plugins compatible for Editor in 0.25 ms, found 1 plugins.
Preloading 0 native plugins for Editor in 0.00 ms.
Invoked RoslynAnalysisRunner static constructor.
RoslynAnalysisRunner will not be running.
RoslynAnalysisRunner has terminated.
Mono: successfully reloaded assembly
- Completed reload, in  0.976 seconds
Platform modules already initialized, skipping
Refreshing native plugins compatible for Editor in 0.35 ms, found 1 plugins.
Preloading 0 native plugins for Editor in 0.00 ms.
Unloading 1114 Unused Serialized files (Serialized files now loaded: 0)
System memory in use before: 122.0 MB.
System memory in use after: 122.0 MB.

Unloading 5 unused Assets to reduce memory usage. Loaded Objects now: 1606.
Total: 2.212424 ms (FindLiveObjects: 0.239961 ms CreateObjectMapping: 0.062480 ms MarkObjects: 1.839969 ms  DeleteObjects: 0.067586 ms)

========================================================================
Received Prepare
Registering precompiled user dll's ...
Registered in 0.000365 seconds.
Begin MonoManager ReloadAssembly
Native extension for OSXStandalone target not found
Native extension for WebGL target not found
Refreshing native plugins compatible for Editor in 0.22 ms, found 1 plugins.
Preloading 0 native plugins for Editor in 0.00 ms.
Invoked RoslynAnalysisRunner static constructor.
RoslynAnalysisRunner will not be running.
RoslynAnalysisRunner has terminated.
Mono: successfully reloaded assembly
- Completed reload, in  0.938 seconds
Platform modules already initialized, skipping
Refreshing native plugins compatible for Editor in 0.23 ms, found 1 plugins.
Preloading 0 native plugins for Editor in 0.00 ms.
Unloading 1114 Unused Serialized files (Serialized files now loaded: 0)
System memory in use before: 122.2 MB.
System memory in use after: 122.2 MB.

Unloading 5 unused Assets to reduce memory usage. Loaded Objects now: 1609.
Total: 2.647976 ms (FindLiveObjects: 0.286912 ms CreateObjectMapping: 0.082706 ms MarkObjects: 2.204859 ms  DeleteObjects: 0.071026 ms)

========================================================================
Received Prepare
Registering precompiled user dll's ...
Registered in 0.000381 seconds.
Begin MonoManager ReloadAssembly
Native extension for OSXStandalone target not found
Native extension for WebGL target not found
Refreshing native plugins compatible for Editor in 0.25 ms, found 1 plugins.
Preloading 0 native plugins for Editor in 0.00 ms.
Invoked RoslynAnalysisRunner static constructor.
RoslynAnalysisRunner will not be running.
RoslynAnalysisRunner has terminated.
Mono: successfully reloaded assembly
- Completed reload, in  0.947 seconds
Platform modules already initialized, skipping
Refreshing native plugins compatible for Editor in 0.20 ms, found 1 plugins.
Preloading 0 native plugins for Editor in 0.00 ms.
Unloading 1114 Unused Serialized files (Serialized files now loaded: 0)
System memory in use before: 122.4 MB.
System memory in use after: 122.4 MB.

Unloading 5 unused Assets to reduce memory usage. Loaded Objects now: 1612.
Total: 2.344727 ms (FindLiveObjects: 0.253859 ms CreateObjectMapping: 0.065980 ms MarkObjects: 1.962520 ms  DeleteObjects: 0.059893 ms)

========================================================================
Received Prepare
Registering precompiled user dll's ...
Registered in 0.000456 seconds.
Begin MonoManager ReloadAssembly
Native extension for OSXStandalone target not found
Native extension for WebGL target not found
Refreshing native plugins compatible for Editor in 0.29 ms, found 1 plugins.
Preloading 0 native plugins for Editor in 0.00 ms.
Invoked RoslynAnalysisRunner static constructor.
RoslynAnalysisRunner will not be running.
RoslynAnalysisRunner has terminated.
Mono: successfully reloaded assembly
- Completed reload, in  1.055 seconds
Platform modules already initialized, skipping
Refreshing native plugins compatible for Editor in 0.24 ms, found 1 plugins.
Preloading 0 native plugins for Editor in 0.00 ms.
Unloading 1114 Unused Serialized files (Serialized files now loaded: 0)
System memory in use before: 122.6 MB.
System memory in use after: 122.6 MB.

Unloading 5 unused Assets to reduce memory usage. Loaded Objects now: 1615.
Total: 2.333682 ms (FindLiveObjects: 0.310186 ms CreateObjectMapping: 0.101177 ms MarkObjects: 1.856671 ms  DeleteObjects: 0.061780 ms)

========================================================================
Received Prepare
Registering precompiled user dll's ...
Registered in 0.001155 seconds.
Begin MonoManager ReloadAssembly
Native extension for OSXStandalone target not found
Native extension for WebGL target not found
Refreshing native plugins compatible for Editor in 0.23 ms, found 1 plugins.
Preloading 0 native plugins for Editor in 0.00 ms.
Invoked RoslynAnalysisRunner static constructor.
RoslynAnalysisRunner will not be running.
RoslynAnalysisRunner has terminated.
Mono: successfully reloaded assembly
- Completed reload, in  1.045 seconds
Platform modules already initialized, skipping
Refreshing native plugins compatible for Editor in 0.22 ms, found 1 plugins.
Preloading 0 native plugins for Editor in 0.00 ms.
Unloading 1114 Unused Serialized files (Serialized files now loaded: 0)
System memory in use before: 122.8 MB.
System memory in use after: 122.9 MB.

Unloading 5 unused Assets to reduce memory usage. Loaded Objects now: 1618.
Total: 2.460459 ms (FindLiveObjects: 0.337832 ms CreateObjectMapping: 0.068398 ms MarkObjects: 1.962321 ms  DeleteObjects: 0.089978 ms)

========================================================================
Received Prepare
Registering precompiled user dll's ...
Registered in 0.001607 seconds.
Begin MonoManager ReloadAssembly
Native extension for OSXStandalone target not found
Native extension for WebGL target not found
Refreshing native plugins compatible for Editor in 0.25 ms, found 1 plugins.
Preloading 0 native plugins for Editor in 0.00 ms.
Invoked RoslynAnalysisRunner static constructor.
RoslynAnalysisRunner will not be running.
RoslynAnalysisRunner has terminated.
Mono: successfully reloaded assembly
- Completed reload, in  0.994 seconds
Platform modules already initialized, skipping
Refreshing native plugins compatible for Editor in 0.26 ms, found 1 plugins.
Preloading 0 native plugins for Editor in 0.00 ms.
Unloading 1114 Unused Serialized files (Serialized files now loaded: 0)
System memory in use before: 123.0 MB.
System memory in use after: 123.1 MB.

Unloading 5 unused Assets to reduce memory usage. Loaded Objects now: 1621.
Total: 1.831082 ms (FindLiveObjects: 0.177410 ms CreateObjectMapping: 0.044624 ms MarkObjects: 1.548760 ms  DeleteObjects: 0.057720 ms)

AssetImportWorkerClient::OnTransportError - code=2 error=End of file
